Start testing: Mar 28 16:55 CET
----------------------------------------------------------
3/3 Testing: qa_subframe_to_symbol_vector
3/3 Test: qa_subframe_to_symbol_vector
Command: "/bin/sh" "/home/jcrs/Escritorio/Bloques/gr-cv2x/build/python/qa_subframe_to_symbol_vector_test.sh"
Directory: /home/jcrs/Escritorio/Bloques/gr-cv2x/build/python
"qa_subframe_to_symbol_vector" start time: Mar 28 16:55 CET
Output:
----------------------------------------------------------
gr::buffer::allocate_buffer: warning: tried to allocate
   8 items of size 8064. Due to alignment requirements
   32 were allocated.  If this isn't OK, consider padding
   your structure to a power-of-two bytes.
   On this platform, our allocation granularity is 4096 bytes.
gr::buffer::allocate_buffer: warning: tried to allocate
   8 items of size 8064. Due to alignment requirements
   32 were allocated.  If this isn't OK, consider padding
   your structure to a power-of-two bytes.
   On this platform, our allocation granularity is 4096 bytes.
SLSS Gen: nuevo subframe de referencia en 0
SLSS Gen: nuevo subframe de referencia en 3
SLSS Gen: nuevo subframe de referencia en 6
SLSS Gen: Se han producido 8 valores
SLSS Gen: nuevo subframe de referencia en 9
SLSS Gen: nuevo subframe de referencia en 12
SLSS Gen: nuevo subframe de referencia en 15
SLSS Gen: Se han producido 8 valores
SLSS Gen: nuevo subframe de referencia en 18
SLSS Gen: nuevo subframe de referencia en 21
SLSS Gen: Se han producido 8 valores
SLSS Gen: nuevo subframe de referencia en 24
SLSS Gen: nuevo subframe de referencia en 27
SLSS Gen: nuevo subframe de referencia en 30
SLSS Gen: Se han producido 7 valores
SLSS Gen: nuevo subframe de referencia en 33
SLSS Gen: Se han producido 5 valores
Se piden 56 items.
Simbolo: 0
Simbolo: 1
Simbolo: 2
Simbolo: 3
Simbolo: 4
Simbolo: 5
Simbolo: 6
Simbolo: 7
Simbolo: 8
Simbolo: 9
Simbolo: 10
Simbolo: 11
Simbolo: 12
Simbolo: 13
Nuevo subframe
Simbolo: 0
Simbolo: 1
Simbolo: 2
Simbolo: 3
Simbolo: 4
Simbolo: 5
Simbolo: 6
Simbolo: 7
Simbolo: 8
Simbolo: 9
Simbolo: 10
Simbolo: 11
Simbolo: 12
Simbolo: 13
Nuevo subframe
Simbolo: 0
Simbolo: 1
Simbolo: 2
Simbolo: 3
Simbolo: 4
Simbolo: 5
Simbolo: 6
Simbolo: 7
Simbolo: 8
Simbolo: 9
Simbolo: 10
Simbolo: 11
Simbolo: 12
Simbolo: 13
Nuevo subframe
Simbolo: 0
Simbolo: 1
Simbolo: 2
Simbolo: 3
Simbolo: 4
Simbolo: 5
Simbolo: 6
Simbolo: 7
Simbolo: 8
Simbolo: 9
Simbolo: 10
Simbolo: 11
Simbolo: 12
Simbolo: 13
Nuevo subframe
Se han requerido 4 inputs
Se piden 56 items.
Simbolo: 0
Simbolo: 1
Simbolo: 2
Simbolo: 3
Simbolo: 4
Simbolo: 5
Simbolo: 6
Simbolo: 7
Simbolo: 8
Simbolo: 9
Simbolo: 10
Simbolo: 11
Simbolo: 12
Simbolo: 13
Nuevo subframe
Simbolo: 0
Simbolo: 1
Simbolo: 2
Simbolo: 3
Simbolo: 4
Simbolo: 5
Simbolo: 6
Simbolo: 7
Simbolo: 8
Simbolo: 9
Simbolo: 10
Simbolo: 11
Simbolo: 12
Simbolo: 13
Nuevo subframe
Simbolo: 0
Simbolo: 1
Simbolo: 2
Simbolo: 3
Simbolo: 4
Simbolo: 5
Simbolo: 6
Simbolo: 7
Simbolo: 8
Simbolo: 9
Simbolo: 10
Simbolo: 11
Simbolo: 12
Simbolo: 13
Nuevo subframe
Simbolo: 0
Simbolo: 1
Simbolo: 2
Simbolo: 3
Simbolo: 4
Simbolo: 5
Simbolo: 6
Simbolo: 7
Simbolo: 8
Simbolo: 9
Simbolo: 10
Simbolo: 11
Simbolo: 12
Simbolo: 13
Nuevo subframe
Se han requerido 4 inputs
Se piden 56 items.
Simbolo: 0
Simbolo: 1
Simbolo: 2
Simbolo: 3
Simbolo: 4
Simbolo: 5
Simbolo: 6
Simbolo: 7
Simbolo: 8
Simbolo: 9
Simbolo: 10
Simbolo: 11
Simbolo: 12
Simbolo: 13
Nuevo subframe
Simbolo: 0
Simbolo: 1
Simbolo: 2
Simbolo: 3
Simbolo: 4
Simbolo: 5
Simbolo: 6
Simbolo: 7
Simbolo: 8
Simbolo: 9
Simbolo: 10
Simbolo: 11
Simbolo: 12
Simbolo: 13
Nuevo subframe
Simbolo: 0
Simbolo: 1
Simbolo: 2
Simbolo: 3
Simbolo: 4
Simbolo: 5
Simbolo: 6
Simbolo: 7
Simbolo: 8
Simbolo: 9
Simbolo: 10
Simbolo: 11
Simbolo: 12
Simbolo: 13
Nuevo subframe
Simbolo: 0
Simbolo: 1
Simbolo: 2
Simbolo: 3
Simbolo: 4
Simbolo: 5
Simbolo: 6
Simbolo: 7
Simbolo: 8
Simbolo: 9
Simbolo: 10
Simbolo: 11
Simbolo: 12
Simbolo: 13
Nuevo subframe
Se han requerido 4 inputs
Se piden 28 items.
Simbolo: 0
Simbolo: 1
Simbolo: 2
Simbolo: 3
Simbolo: 4
Simbolo: 5
Simbolo: 6
Simbolo: 7
Simbolo: 8
Simbolo: 9
Simbolo: 10
Simbolo: 11
Simbolo: 12
Simbolo: 13
Nuevo subframe
Simbolo: 0
Simbolo: 1
Simbolo: 2
Simbolo: 3
Simbolo: 4
Simbolo: 5
Simbolo: 6
Simbolo: 7
Simbolo: 8
Simbolo: 9
Simbolo: 10
Simbolo: 11
Simbolo: 12
Simbolo: 13
Nuevo subframe
Se han requerido 2 inputs
gr::buffer::allocate_buffer: warning: tried to allocate
   8 items of size 8064. Due to alignment requirements
   32 were allocated.  If this isn't OK, consider padding
   your structure to a power-of-two bytes.
   On this platform, our allocation granularity is 4096 bytes.
gr::buffer::allocate_buffer: warning: tried to allocate
   8 items of size 8064. Due to alignment requirements
   32 were allocated.  If this isn't OK, consider padding
   your structure to a power-of-two bytes.
   On this platform, our allocation granularity is 4096 bytes.
.
----------------------------------------------------------------------
Ran 1 test in 0.005s

OK
SLSS Gen: nuevo subframe de referencia en 0
SLSS Gen: nuevo subframe de referencia en 3
SLSS Gen: nuevo subframe de referencia en 6
SLSS Gen: Se han producido 8 valores
SLSS Gen: nuevo subframe de referencia en 9
SLSS Gen: nuevo subframe de referencia en 12
SLSS Gen: nuevo subframe de referencia en 15
SLSS Gen: Se han producido 8 valores
SLSS Gen: nuevo subframe de referencia en 18
SLSS Gen: nuevo subframe de referencia en 21
SLSS Gen: Se han producido 8 valores
SLSS Gen: nuevo subframe de referencia en 24
SLSS Gen: nuevo subframe de referencia en 27
SLSS Gen: nuevo subframe de referencia en 30
SLSS Gen: Se han producido 8 valores
SLSS Gen: nuevo subframe de referencia en 33
SLSS Gen: Se han producido 4 valores
Se piden 56 items.
Simbolo: 0
Simbolo: 1
Simbolo: 2
Simbolo: 3
Simbolo: 4
Simbolo: 5
Simbolo: 6
Simbolo: 7
Simbolo: 8
Simbolo: 9
Simbolo: 10
Simbolo: 11
Simbolo: 12
Simbolo: 13
Nuevo subframe
Simbolo: 0
Simbolo: 1
Simbolo: 2
Simbolo: 3
Simbolo: 4
Simbolo: 5
Simbolo: 6
Simbolo: 7
Simbolo: 8
Simbolo: 9
Simbolo: 10
Simbolo: 11
Simbolo: 12
Simbolo: 13
Nuevo subframe
Simbolo: 0
Simbolo: 1
Simbolo: 2
Simbolo: 3
Simbolo: 4
Simbolo: 5
Simbolo: 6
Simbolo: 7
Simbolo: 8
Simbolo: 9
Simbolo: 10
Simbolo: 11
Simbolo: 12
Simbolo: 13
Nuevo subframe
Simbolo: 0
Simbolo: 1
Simbolo: 2
Simbolo: 3
Simbolo: 4
Simbolo: 5
Simbolo: 6
Simbolo: 7
Simbolo: 8
Simbolo: 9
Simbolo: 10
Simbolo: 11
Simbolo: 12
Simbolo: 13
Nuevo subframe
Se han requerido 4 inputs
Se piden 56 items.
Simbolo: 0
Simbolo: 1
Simbolo: 2
Simbolo: 3
Simbolo: 4
Simbolo: 5
Simbolo: 6
Simbolo: 7
Simbolo: 8
Simbolo: 9
Simbolo: 10
Simbolo: 11
Simbolo: 12
Simbolo: 13
Nuevo subframe
Simbolo: 0
Simbolo: 1
Simbolo: 2
Simbolo: 3
Simbolo: 4
Simbolo: 5
Simbolo: 6
Simbolo: 7
Simbolo: 8
Simbolo: 9
Simbolo: 10
Simbolo: 11
Simbolo: 12
Simbolo: 13
Nuevo subframe
Simbolo: 0
Simbolo: 1
Simbolo: 2
Simbolo: 3
Simbolo: 4
Simbolo: 5
Simbolo: 6
Simbolo: 7
Simbolo: 8
Simbolo: 9
Simbolo: 10
Simbolo: 11
Simbolo: 12
Simbolo: 13
Nuevo subframe
Simbolo: 0
Simbolo: 1
Simbolo: 2
Simbolo: 3
Simbolo: 4
Simbolo: 5
Simbolo: 6
Simbolo: 7
Simbolo: 8
Simbolo: 9
Simbolo: 10
Simbolo: 11
Simbolo: 12
Simbolo: 13
Nuevo subframe
Se han requerido 4 inputs
Se piden 56 items.
Simbolo: 0
Simbolo: 1
Simbolo: 2
Simbolo: 3
Simbolo: 4
Simbolo: 5
Simbolo: 6
Simbolo: 7
Simbolo: 8
Simbolo: 9
Simbolo: 10
Simbolo: 11
Simbolo: 12
Simbolo: 13
Nuevo subframe
Simbolo: 0
Simbolo: 1
Simbolo: 2
Simbolo: 3
Simbolo: 4
Simbolo: 5
Simbolo: 6
Simbolo: 7
Simbolo: 8
Simbolo: 9
Simbolo: 10
Simbolo: 11
Simbolo: 12
Simbolo: 13
Nuevo subframe
Simbolo: 0
Simbolo: 1
Simbolo: 2
Simbolo: 3
Simbolo: 4
Simbolo: 5
Simbolo: 6
Simbolo: 7
Simbolo: 8
Simbolo: 9
Simbolo: 10
Simbolo: 11
Simbolo: 12
Simbolo: 13
Nuevo subframe
Simbolo: 0
Simbolo: 1
Simbolo: 2
Simbolo: 3
Simbolo: 4
Simbolo: 5
Simbolo: 6
Simbolo: 7
Simbolo: 8
Simbolo: 9
Simbolo: 10
Simbolo: 11
Simbolo: 12
Simbolo: 13
Nuevo subframe
Se han requerido 4 inputs
Se piden 28 items.
Simbolo: 0
Simbolo: 1
Simbolo: 2
Simbolo: 3
Simbolo: 4
Simbolo: 5
Simbolo: 6
Simbolo: 7
Simbolo: 8
Simbolo: 9
Simbolo: 10
Simbolo: 11
Simbolo: 12
Simbolo: 13
Nuevo subframe
Simbolo: 0
Simbolo: 1
Simbolo: 2
Simbolo: 3
Simbolo: 4
Simbolo: 5
Simbolo: 6
Simbolo: 7
Simbolo: 8
Simbolo: 9
Simbolo: 10
Simbolo: 11
Simbolo: 12
Simbolo: 13
Nuevo subframe
Se han requerido 2 inputs
<end of output>
Test time =   0.40 sec
----------------------------------------------------------
Test Passed.
"qa_subframe_to_symbol_vector" end time: Mar 28 16:55 CET
"qa_subframe_to_symbol_vector" time elapsed: 00:00:00
----------------------------------------------------------

End testing: Mar 28 16:55 CET
